2025-06-06 10:16:44 [main] INFO  org.testcontainers.images.PullPolicy - Image pull policy will be performed by: DefaultPullPolicy()
2025-06-06 10:16:44 [main] INFO  o.t.utility.ImageNameSubstitutor - Image name substitution will be performed by: DefaultImageNameSubstitutor (composite of 'ConfigurationFileImageNameSubstitutor' and 'PrefixingImageNameSubstitutor')
2025-06-06 10:16:44 [main] INFO  o.t.d.DockerClientProviderStrategy - Loaded org.testcontainers.dockerclient.UnixSocketClientProviderStrategy from ~/.testcontainers.properties, will try it first
2025-06-06 10:16:44 [main] INFO  o.t.d.DockerClientProviderStrategy - Found Docker environment with local Unix socket (unix:///var/run/docker.sock)
2025-06-06 10:16:44 [main] INFO  o.testcontainers.DockerClientFactory - Docker host IP address is localhost
2025-06-06 10:16:44 [main] INFO  o.testcontainers.DockerClientFactory - Connected to docker: 
  Server Version: 28.2.0
  API Version: 1.50
  Operating System: EndeavourOS
  Total Memory: 63744 MB
2025-06-06 10:16:44 [main] INFO  tc.testcontainers/ryuk:0.7.0 - Creating container for image: testcontainers/ryuk:0.7.0
2025-06-06 10:16:44 [main] INFO  tc.testcontainers/ryuk:0.7.0 - Container testcontainers/ryuk:0.7.0 is starting: a1977520b3b884ca2841637fd52651d0b9408fa5410821619748b9624ffc4ae4
2025-06-06 10:16:45 [main] INFO  tc.testcontainers/ryuk:0.7.0 - Container testcontainers/ryuk:0.7.0 started in PT0.335156618S
2025-06-06 10:16:45 [main] INFO  o.t.utility.RyukResourceReaper - Ryuk started - will monitor and terminate Testcontainers containers on JVM exit
2025-06-06 10:16:45 [main] INFO  o.testcontainers.DockerClientFactory - Checking the system...
2025-06-06 10:16:45 [main] INFO  o.testcontainers.DockerClientFactory - ✔︎ Docker server version should be at least 1.6.0
2025-06-06 10:16:45 [main] INFO  t.epos/metadata-database-deploy-test:latest - Creating container for image: epos/metadata-database-deploy-test:latest
2025-06-06 10:16:45 [main] INFO  t.epos/metadata-database-deploy-test:latest - Container epos/metadata-database-deploy-test:latest is starting: d37a6ceb013de2a38ea85e3b3fb6c145d411c819fd93549f31d33c01aa3776c8
2025-06-06 10:16:49 [main] INFO  t.epos/metadata-database-deploy-test:latest - Container epos/metadata-database-deploy-test:latest started in PT4.595005058S
2025-06-06 10:16:49 [main] INFO  t.epos/metadata-database-deploy-test:latest - Container is started (JDBC URL: jdbc:postgresql://localhost:33000/metadata_catalogue?loggerLevel=OFF)
2025-06-06 10:16:49 [main] INFO  com.zaxxer.hikari.HikariDataSource - metadata_catalogue - Starting...
2025-06-06 10:16:49 [main] INFO  com.zaxxer.hikari.pool.HikariPool - metadata_catalogue - Added connection org.postgresql.jdbc.PgConnection@2776015d
2025-06-06 10:16:49 [main] INFO  com.zaxxer.hikari.HikariDataSource - metadata_catalogue - Start completed.
2025-06-06 10:16:51 [main] INFO  com.zaxxer.hikari.HikariDataSource - metadata_catalogue - Starting...
2025-06-06 10:16:51 [main] INFO  com.zaxxer.hikari.pool.HikariPool - metadata_catalogue - Added connection org.postgresql.jdbc.PgConnection@785ed99c
2025-06-06 10:16:51 [main] INFO  com.zaxxer.hikari.HikariDataSource - metadata_catalogue - Start completed.
2025-06-06 10:16:52 [main] ERROR org.epos.core.BeansCreation - org.epos.eposdatamodel.null
2025-06-06 10:16:55 [main] INFO  t.epos/metadata-database-deploy-test:latest - Creating container for image: epos/metadata-database-deploy-test:latest
2025-06-06 10:16:55 [main] INFO  t.epos/metadata-database-deploy-test:latest - Container epos/metadata-database-deploy-test:latest is starting: ffbd50536167e8cb3d71961dd8451483248921731219206b4890a9bd7df1c05d
2025-06-06 10:16:59 [main] INFO  t.epos/metadata-database-deploy-test:latest - Container epos/metadata-database-deploy-test:latest started in PT4.282536746S
2025-06-06 10:16:59 [main] INFO  t.epos/metadata-database-deploy-test:latest - Container is started (JDBC URL: jdbc:postgresql://localhost:33001/metadata_catalogue?loggerLevel=OFF)
2025-06-06 10:16:59 [main] INFO  com.zaxxer.hikari.HikariDataSource - metadata_catalogue - Starting...
2025-06-06 10:16:59 [main] INFO  com.zaxxer.hikari.pool.HikariPool - metadata_catalogue - Added connection org.postgresql.jdbc.PgConnection@12544a50
2025-06-06 10:16:59 [main] INFO  com.zaxxer.hikari.HikariDataSource - metadata_catalogue - Start completed.
2025-06-06 10:17:00 [main] INFO  com.zaxxer.hikari.HikariDataSource - metadata_catalogue - Starting...
2025-06-06 10:17:00 [main] INFO  com.zaxxer.hikari.pool.HikariPool - metadata_catalogue - Added connection org.postgresql.jdbc.PgConnection@6edd80fe
2025-06-06 10:17:00 [main] INFO  com.zaxxer.hikari.HikariDataSource - metadata_catalogue - Start completed.
2025-06-06 10:17:00 [main] INFO  com.zaxxer.hikari.HikariDataSource - metadata_catalogue - Starting...
2025-06-06 10:17:00 [main] INFO  com.zaxxer.hikari.pool.HikariPool - metadata_catalogue - Added connection org.postgresql.jdbc.PgConnection@99ace98
2025-06-06 10:17:00 [main] INFO  com.zaxxer.hikari.HikariDataSource - metadata_catalogue - Start completed.
2025-06-06 10:17:00 [main] WARN  org.apache.jena.riot - [line: 21, col: 1 ] Not advised IRI: <PIC:000518944> Code: 11/LOWERCASE_PREFERRED in SCHEME: lowercase is preferred in this component
2025-06-06 10:17:00 [main] WARN  org.apache.jena.riot - [line: 41, col: 33] Not advised IRI: <PIC:007012076> Code: 11/LOWERCASE_PREFERRED in SCHEME: lowercase is preferred in this component
2025-06-06 10:17:00 [main] WARN  org.apache.jena.riot - [line: 44, col: 1 ] Not advised IRI: <PIC:007012076> Code: 11/LOWERCASE_PREFERRED in SCHEME: lowercase is preferred in this component
2025-06-06 10:17:00 [main] INFO  com.zaxxer.hikari.HikariDataSource - metadata_catalogue - Starting...
2025-06-06 10:17:00 [main] INFO  com.zaxxer.hikari.pool.HikariPool - metadata_catalogue - Added connection org.postgresql.jdbc.PgConnection@3ad142f0
2025-06-06 10:17:00 [main] INFO  com.zaxxer.hikari.HikariDataSource - metadata_catalogue - Start completed.
2025-06-06 10:17:00 [main] WARN  org.apache.jena.riot - [line: 51, col: 77] Not advised IRI: <PIC:007012076> Code: 11/LOWERCASE_PREFERRED in SCHEME: lowercase is preferred in this component
2025-06-06 10:17:00 [main] WARN  org.apache.jena.riot - [line: 132, col: 82] Not advised IRI: <PIC:000518944> Code: 11/LOWERCASE_PREFERRED in SCHEME: lowercase is preferred in this component
2025-06-06 10:17:00 [main] WARN  org.apache.jena.riot - [line: 242, col: 59] Not advised IRI: <PIC:000518944> Code: 11/LOWERCASE_PREFERRED in SCHEME: lowercase is preferred in this component
2025-06-06 10:17:00 [main] WARN  org.apache.jena.riot - [line: 280, col: 59] Not advised IRI: <PIC:000518944> Code: 11/LOWERCASE_PREFERRED in SCHEME: lowercase is preferred in this component
2025-06-06 10:17:00 [main] ERROR org.epos.core.BeansCreation - org.epos.eposdatamodel.null
2025-06-06 10:17:01 [main] INFO  com.zaxxer.hikari.HikariDataSource - metadata_catalogue - Starting...
2025-06-06 10:17:01 [main] INFO  com.zaxxer.hikari.pool.HikariPool - metadata_catalogue - Added connection org.postgresql.jdbc.PgConnection@5b4433dc
2025-06-06 10:17:01 [main] INFO  com.zaxxer.hikari.HikariDataSource - metadata_catalogue - Start completed.
2025-06-06 10:17:01 [main] INFO  com.zaxxer.hikari.HikariDataSource - metadata_catalogue - Starting...
2025-06-06 10:17:01 [main] INFO  com.zaxxer.hikari.pool.HikariPool - metadata_catalogue - Added connection org.postgresql.jdbc.PgConnection@14170abd
2025-06-06 10:17:01 [main] INFO  com.zaxxer.hikari.HikariDataSource - metadata_catalogue - Start completed.
2025-06-06 10:17:02 [main] INFO  t.epos/metadata-database-deploy-test:latest - Creating container for image: epos/metadata-database-deploy-test:latest
2025-06-06 10:17:02 [main] INFO  t.epos/metadata-database-deploy-test:latest - Container epos/metadata-database-deploy-test:latest is starting: 8ea5a0f2bc7ae37f8a76f17444b6360648b406390ac87c7dd6027fc2324cefea
2025-06-06 10:17:06 [main] INFO  t.epos/metadata-database-deploy-test:latest - Container epos/metadata-database-deploy-test:latest started in PT4.290745345S
2025-06-06 10:17:06 [main] INFO  t.epos/metadata-database-deploy-test:latest - Container is started (JDBC URL: jdbc:postgresql://localhost:33002/metadata_catalogue?loggerLevel=OFF)
2025-06-06 10:17:06 [main] INFO  com.zaxxer.hikari.HikariDataSource - metadata_catalogue - Starting...
2025-06-06 10:17:06 [main] INFO  com.zaxxer.hikari.pool.HikariPool - metadata_catalogue - Added connection org.postgresql.jdbc.PgConnection@2219d6d8
2025-06-06 10:17:06 [main] INFO  com.zaxxer.hikari.HikariDataSource - metadata_catalogue - Start completed.
2025-06-06 10:17:06 [main] INFO  com.zaxxer.hikari.HikariDataSource - metadata_catalogue - Starting...
2025-06-06 10:17:06 [main] INFO  com.zaxxer.hikari.pool.HikariPool - metadata_catalogue - Added connection org.postgresql.jdbc.PgConnection@1d302061
2025-06-06 10:17:06 [main] INFO  com.zaxxer.hikari.HikariDataSource - metadata_catalogue - Start completed.
2025-06-06 10:17:06 [main] WARN  org.apache.jena.riot - [line: 89, col: 1 ] Not advised IRI: <ID:eposid> Code: 11/LOWERCASE_PREFERRED in SCHEME: lowercase is preferred in this component
2025-06-06 10:17:06 [main] WARN  org.apache.jena.riot - [line: 107, col: 1 ] Not advised IRI: <ID:eposidchild> Code: 11/LOWERCASE_PREFERRED in SCHEME: lowercase is preferred in this component
2025-06-06 10:17:06 [main] WARN  org.apache.jena.riot - [line: 122, col: 19] Not advised IRI: <ID:eposid> Code: 11/LOWERCASE_PREFERRED in SCHEME: lowercase is preferred in this component
2025-06-06 10:17:06 [main] WARN  org.apache.jena.riot - [line: 144, col: 21] Not advised IRI: <PIC:999472675> Code: 11/LOWERCASE_PREFERRED in SCHEME: lowercase is preferred in this component
2025-06-06 10:17:06 [main] WARN  org.apache.jena.riot - [line: 180, col: 20] Not advised IRI: <ID:eposid> Code: 11/LOWERCASE_PREFERRED in SCHEME: lowercase is preferred in this component
2025-06-06 10:17:06 [main] WARN  org.apache.jena.riot - [line: 246, col: 20] Not advised IRI: <ID:eposid> Code: 11/LOWERCASE_PREFERRED in SCHEME: lowercase is preferred in this component
2025-06-06 10:17:06 [main] WARN  org.apache.jena.riot - [line: 301, col: 18] Not advised IRI: <ID:eposidchild> Code: 11/LOWERCASE_PREFERRED in SCHEME: lowercase is preferred in this component
2025-06-06 10:17:06 [main] WARN  org.apache.jena.riot - [line: 576, col: 22] Not advised IRI: <ID:eposidchild> Code: 11/LOWERCASE_PREFERRED in SCHEME: lowercase is preferred in this component
2025-06-06 10:17:06 [main] WARN  org.apache.jena.riot - [line: 608, col: 18] Not advised IRI: <ID:eposid> Code: 11/LOWERCASE_PREFERRED in SCHEME: lowercase is preferred in this component
2025-06-06 10:17:06 [main] ERROR org.epos.core.BeansCreation - org.epos.eposdatamodel.null
2025-06-06 10:17:06 [main] ERROR org.epos.core.BeansCreation - org.epos.eposdatamodel.null
2025-06-06 10:17:06 [main] ERROR org.epos.core.BeansCreation - org.epos.eposdatamodel.null
2025-06-06 10:17:06 [main] ERROR org.epos.core.BeansCreation - org.epos.eposdatamodel.null
2025-06-06 10:17:06 [main] ERROR org.epos.core.BeansCreation - org.epos.eposdatamodel.string
2025-06-06 10:17:08 [main] INFO  t.epos/metadata-database-deploy-test:latest - Creating container for image: epos/metadata-database-deploy-test:latest
2025-06-06 10:17:08 [main] INFO  t.epos/metadata-database-deploy-test:latest - Container epos/metadata-database-deploy-test:latest is starting: d86d408a27c706e12d7d92bc968af1f6acd4bf2739537086424b842a8b7d69a9
2025-06-06 10:17:13 [main] INFO  t.epos/metadata-database-deploy-test:latest - Container epos/metadata-database-deploy-test:latest started in PT4.238760861S
2025-06-06 10:17:13 [main] INFO  t.epos/metadata-database-deploy-test:latest - Container is started (JDBC URL: jdbc:postgresql://localhost:33003/metadata_catalogue?loggerLevel=OFF)
2025-06-06 10:17:13 [main] INFO  com.zaxxer.hikari.HikariDataSource - metadata_catalogue - Starting...
2025-06-06 10:17:13 [main] INFO  com.zaxxer.hikari.pool.HikariPool - metadata_catalogue - Added connection org.postgresql.jdbc.PgConnection@4d40c056
2025-06-06 10:17:13 [main] INFO  com.zaxxer.hikari.HikariDataSource - metadata_catalogue - Start completed.
2025-06-06 10:17:13 [main] INFO  com.zaxxer.hikari.HikariDataSource - metadata_catalogue - Starting...
2025-06-06 10:17:13 [main] INFO  com.zaxxer.hikari.pool.HikariPool - metadata_catalogue - Added connection org.postgresql.jdbc.PgConnection@67c15a48
2025-06-06 10:17:13 [main] INFO  com.zaxxer.hikari.HikariDataSource - metadata_catalogue - Start completed.
2025-06-06 10:17:13 [main] ERROR org.epos.core.BeansCreation - org.epos.eposdatamodel.null
2025-06-06 10:17:13 [main] INFO  t.epos/metadata-database-deploy-test:latest - Creating container for image: epos/metadata-database-deploy-test:latest
2025-06-06 10:17:13 [main] INFO  t.epos/metadata-database-deploy-test:latest - Container epos/metadata-database-deploy-test:latest is starting: 0ab795dbe6474b53213afc84b80d2770c9400204a22c69590d230c06389930ee
2025-06-06 10:17:17 [main] INFO  t.epos/metadata-database-deploy-test:latest - Container epos/metadata-database-deploy-test:latest started in PT4.004433225S
2025-06-06 10:17:17 [main] INFO  t.epos/metadata-database-deploy-test:latest - Container is started (JDBC URL: jdbc:postgresql://localhost:33004/metadata_catalogue?loggerLevel=OFF)
2025-06-06 10:17:17 [main] INFO  com.zaxxer.hikari.HikariDataSource - metadata_catalogue - Starting...
2025-06-06 10:17:17 [main] INFO  com.zaxxer.hikari.pool.HikariPool - metadata_catalogue - Added connection org.postgresql.jdbc.PgConnection@192f28bd
2025-06-06 10:17:17 [main] INFO  com.zaxxer.hikari.HikariDataSource - metadata_catalogue - Start completed.
2025-06-06 10:17:17 [main] INFO  com.zaxxer.hikari.HikariDataSource - metadata_catalogue - Starting...
2025-06-06 10:17:17 [main] INFO  com.zaxxer.hikari.pool.HikariPool - metadata_catalogue - Added connection org.postgresql.jdbc.PgConnection@3e411e5d
2025-06-06 10:17:17 [main] INFO  com.zaxxer.hikari.HikariDataSource - metadata_catalogue - Start completed.
2025-06-06 10:17:18 [main] WARN  org.apache.jena.riot - [line: 51, col: 16] Not advised IRI: <PIC:007012076> Code: 11/LOWERCASE_PREFERRED in SCHEME: lowercase is preferred in this component
2025-06-06 10:17:18 [main] WARN  org.apache.jena.riot - [line: 132, col: 18] Not advised IRI: <PIC:000518944> Code: 11/LOWERCASE_PREFERRED in SCHEME: lowercase is preferred in this component
2025-06-06 10:17:18 [main] WARN  org.apache.jena.riot - [line: 242, col: 23] Not advised IRI: <PIC:000518944> Code: 11/LOWERCASE_PREFERRED in SCHEME: lowercase is preferred in this component
2025-06-06 10:17:18 [main] WARN  org.apache.jena.riot - [line: 280, col: 21] Not advised IRI: <PIC:000518944> Code: 11/LOWERCASE_PREFERRED in SCHEME: lowercase is preferred in this component
2025-06-06 10:17:18 [main] WARN  org.apache.jena.riot - [line: 290, col: 1 ] Not advised IRI: <PIC:000518944> Code: 11/LOWERCASE_PREFERRED in SCHEME: lowercase is preferred in this component
2025-06-06 10:17:18 [main] WARN  org.apache.jena.riot - [line: 310, col: 19] Not advised IRI: <PIC:007012076> Code: 11/LOWERCASE_PREFERRED in SCHEME: lowercase is preferred in this component
2025-06-06 10:17:18 [main] WARN  org.apache.jena.riot - [line: 313, col: 1 ] Not advised IRI: <PIC:007012076> Code: 11/LOWERCASE_PREFERRED in SCHEME: lowercase is preferred in this component
2025-06-06 10:17:18 [main] ERROR org.epos.core.BeansCreation - org.epos.eposdatamodel.null
2025-06-06 10:17:18 [main] INFO  t.epos/metadata-database-deploy-test:latest - Creating container for image: epos/metadata-database-deploy-test:latest
2025-06-06 10:17:18 [main] INFO  t.epos/metadata-database-deploy-test:latest - Container epos/metadata-database-deploy-test:latest is starting: e469bdfb27f678f0d8a17ee3674cb832c8ada41604323f12d1ed4308c5223185
2025-06-06 10:17:22 [main] INFO  t.epos/metadata-database-deploy-test:latest - Container epos/metadata-database-deploy-test:latest started in PT3.97541347S
2025-06-06 10:17:22 [main] INFO  t.epos/metadata-database-deploy-test:latest - Container is started (JDBC URL: jdbc:postgresql://localhost:33005/metadata_catalogue?loggerLevel=OFF)
2025-06-06 10:17:22 [main] INFO  com.zaxxer.hikari.HikariDataSource - metadata_catalogue - Starting...
2025-06-06 10:17:22 [main] INFO  com.zaxxer.hikari.pool.HikariPool - metadata_catalogue - Added connection org.postgresql.jdbc.PgConnection@6e7103dd
2025-06-06 10:17:22 [main] INFO  com.zaxxer.hikari.HikariDataSource - metadata_catalogue - Start completed.
2025-06-06 10:17:22 [main] INFO  com.zaxxer.hikari.HikariDataSource - metadata_catalogue - Starting...
2025-06-06 10:17:22 [main] INFO  com.zaxxer.hikari.pool.HikariPool - metadata_catalogue - Added connection org.postgresql.jdbc.PgConnection@6594fbc9
2025-06-06 10:17:22 [main] INFO  com.zaxxer.hikari.HikariDataSource - metadata_catalogue - Start completed.
2025-06-06 10:17:23 [main] INFO  t.epos/metadata-database-deploy-test:latest - Creating container for image: epos/metadata-database-deploy-test:latest
2025-06-06 10:17:23 [main] INFO  t.epos/metadata-database-deploy-test:latest - Container epos/metadata-database-deploy-test:latest is starting: 8775b7b03f40284a511c9c15a382a3e695de687b17a2673836305759e9008b1d
2025-06-06 10:17:27 [main] INFO  t.epos/metadata-database-deploy-test:latest - Container epos/metadata-database-deploy-test:latest started in PT3.908689039S
2025-06-06 10:17:27 [main] INFO  t.epos/metadata-database-deploy-test:latest - Container is started (JDBC URL: jdbc:postgresql://localhost:33006/metadata_catalogue?loggerLevel=OFF)
2025-06-06 10:17:27 [main] INFO  com.zaxxer.hikari.HikariDataSource - metadata_catalogue - Starting...
2025-06-06 10:17:27 [main] INFO  com.zaxxer.hikari.pool.HikariPool - metadata_catalogue - Added connection org.postgresql.jdbc.PgConnection@59c476cc
2025-06-06 10:17:27 [main] INFO  com.zaxxer.hikari.HikariDataSource - metadata_catalogue - Start completed.
2025-06-06 10:17:27 [main] INFO  t.epos/metadata-database-deploy-test:latest - Creating container for image: epos/metadata-database-deploy-test:latest
2025-06-06 10:17:27 [main] INFO  t.epos/metadata-database-deploy-test:latest - Container epos/metadata-database-deploy-test:latest is starting: a0952a3f37437d6e241f433b1f93bd63a03ce8b87a5bba242031825ab4966444
2025-06-06 10:17:31 [main] INFO  t.epos/metadata-database-deploy-test:latest - Container epos/metadata-database-deploy-test:latest started in PT3.811407866S
2025-06-06 10:17:31 [main] INFO  t.epos/metadata-database-deploy-test:latest - Container is started (JDBC URL: jdbc:postgresql://localhost:33007/metadata_catalogue?loggerLevel=OFF)
2025-06-06 10:17:31 [main] INFO  com.zaxxer.hikari.HikariDataSource - metadata_catalogue - Starting...
2025-06-06 10:17:31 [main] INFO  com.zaxxer.hikari.pool.HikariPool - metadata_catalogue - Added connection org.postgresql.jdbc.PgConnection@1a74e65
2025-06-06 10:17:31 [main] INFO  com.zaxxer.hikari.HikariDataSource - metadata_catalogue - Start completed.
2025-06-06 10:17:31 [main] INFO  com.zaxxer.hikari.HikariDataSource - metadata_catalogue - Starting...
2025-06-06 10:17:31 [main] INFO  com.zaxxer.hikari.pool.HikariPool - metadata_catalogue - Added connection org.postgresql.jdbc.PgConnection@1ed575e9
2025-06-06 10:17:31 [main] INFO  com.zaxxer.hikari.HikariDataSource - metadata_catalogue - Start completed.
2025-06-06 10:17:31 [main] WARN  org.apache.jena.riot - [line: 51, col: 16] Not advised IRI: <PIC:007012076> Code: 11/LOWERCASE_PREFERRED in SCHEME: lowercase is preferred in this component
2025-06-06 10:17:31 [main] WARN  org.apache.jena.riot - [line: 132, col: 18] Not advised IRI: <PIC:000518944> Code: 11/LOWERCASE_PREFERRED in SCHEME: lowercase is preferred in this component
2025-06-06 10:17:31 [main] WARN  org.apache.jena.riot - [line: 242, col: 23] Not advised IRI: <PIC:000518944> Code: 11/LOWERCASE_PREFERRED in SCHEME: lowercase is preferred in this component
2025-06-06 10:17:31 [main] WARN  org.apache.jena.riot - [line: 280, col: 21] Not advised IRI: <PIC:000518944> Code: 11/LOWERCASE_PREFERRED in SCHEME: lowercase is preferred in this component
2025-06-06 10:17:31 [main] WARN  org.apache.jena.riot - [line: 290, col: 1 ] Not advised IRI: <PIC:000518944> Code: 11/LOWERCASE_PREFERRED in SCHEME: lowercase is preferred in this component
2025-06-06 10:17:31 [main] WARN  org.apache.jena.riot - [line: 310, col: 19] Not advised IRI: <PIC:007012076> Code: 11/LOWERCASE_PREFERRED in SCHEME: lowercase is preferred in this component
2025-06-06 10:17:31 [main] WARN  org.apache.jena.riot - [line: 313, col: 1 ] Not advised IRI: <PIC:007012076> Code: 11/LOWERCASE_PREFERRED in SCHEME: lowercase is preferred in this component
2025-06-06 10:17:31 [main] INFO  com.zaxxer.hikari.HikariDataSource - metadata_catalogue - Starting...
2025-06-06 10:17:31 [main] INFO  com.zaxxer.hikari.pool.HikariPool - metadata_catalogue - Added connection org.postgresql.jdbc.PgConnection@3f498899
2025-06-06 10:17:31 [main] INFO  com.zaxxer.hikari.HikariDataSource - metadata_catalogue - Start completed.
2025-06-06 10:17:31 [main] ERROR org.epos.core.BeansCreation - org.epos.eposdatamodel.null
2025-06-06 10:17:31 [main] INFO  com.zaxxer.hikari.HikariDataSource - metadata_catalogue - Starting...
2025-06-06 10:17:31 [main] INFO  com.zaxxer.hikari.pool.HikariPool - metadata_catalogue - Added connection org.postgresql.jdbc.PgConnection@413b3891
2025-06-06 10:17:31 [main] INFO  com.zaxxer.hikari.HikariDataSource - metadata_catalogue - Start completed.
2025-06-06 10:17:31 [main] WARN  org.apache.jena.riot - [line: 51, col: 16] Not advised IRI: <PIC:007012076> Code: 11/LOWERCASE_PREFERRED in SCHEME: lowercase is preferred in this component
2025-06-06 10:17:31 [main] WARN  org.apache.jena.riot - [line: 132, col: 18] Not advised IRI: <PIC:000518944> Code: 11/LOWERCASE_PREFERRED in SCHEME: lowercase is preferred in this component
2025-06-06 10:17:31 [main] WARN  org.apache.jena.riot - [line: 242, col: 23] Not advised IRI: <PIC:000518944> Code: 11/LOWERCASE_PREFERRED in SCHEME: lowercase is preferred in this component
2025-06-06 10:17:31 [main] WARN  org.apache.jena.riot - [line: 280, col: 21] Not advised IRI: <PIC:000518944> Code: 11/LOWERCASE_PREFERRED in SCHEME: lowercase is preferred in this component
2025-06-06 10:17:31 [main] WARN  org.apache.jena.riot - [line: 290, col: 1 ] Not advised IRI: <PIC:000518944> Code: 11/LOWERCASE_PREFERRED in SCHEME: lowercase is preferred in this component
2025-06-06 10:17:31 [main] WARN  org.apache.jena.riot - [line: 310, col: 19] Not advised IRI: <PIC:007012076> Code: 11/LOWERCASE_PREFERRED in SCHEME: lowercase is preferred in this component
2025-06-06 10:17:31 [main] WARN  org.apache.jena.riot - [line: 313, col: 1 ] Not advised IRI: <PIC:007012076> Code: 11/LOWERCASE_PREFERRED in SCHEME: lowercase is preferred in this component
2025-06-06 10:17:31 [main] ERROR org.epos.core.BeansCreation - org.epos.eposdatamodel.null
2025-06-06 18:19:11 [main] INFO  org.testcontainers.images.PullPolicy - Image pull policy will be performed by: DefaultPullPolicy()
2025-06-06 18:19:11 [main] INFO  o.t.utility.ImageNameSubstitutor - Image name substitution will be performed by: DefaultImageNameSubstitutor (composite of 'ConfigurationFileImageNameSubstitutor' and 'PrefixingImageNameSubstitutor')
2025-06-06 18:19:11 [main] INFO  o.t.d.DockerClientProviderStrategy - Loaded org.testcontainers.dockerclient.UnixSocketClientProviderStrategy from ~/.testcontainers.properties, will try it first
2025-06-06 18:19:12 [main] INFO  o.t.d.DockerClientProviderStrategy - Found Docker environment with local Unix socket (unix:///var/run/docker.sock)
2025-06-06 18:19:12 [main] INFO  o.testcontainers.DockerClientFactory - Docker host IP address is localhost
2025-06-06 18:19:12 [main] INFO  o.testcontainers.DockerClientFactory - Connected to docker: 
  Server Version: 28.2.0
  API Version: 1.50
  Operating System: EndeavourOS
  Total Memory: 63744 MB
2025-06-06 18:19:12 [main] INFO  tc.testcontainers/ryuk:0.7.0 - Creating container for image: testcontainers/ryuk:0.7.0
2025-06-06 18:19:12 [main] INFO  tc.testcontainers/ryuk:0.7.0 - Container testcontainers/ryuk:0.7.0 is starting: 8bb5f0f964959e68eadd1862fd97f93d83f623d51055472152ba6a8fe945f03b
2025-06-06 18:19:12 [main] INFO  tc.testcontainers/ryuk:0.7.0 - Container testcontainers/ryuk:0.7.0 started in PT0.415918223S
2025-06-06 18:19:12 [main] INFO  o.t.utility.RyukResourceReaper - Ryuk started - will monitor and terminate Testcontainers containers on JVM exit
2025-06-06 18:19:12 [main] INFO  o.testcontainers.DockerClientFactory - Checking the system...
2025-06-06 18:19:12 [main] INFO  o.testcontainers.DockerClientFactory - ✔︎ Docker server version should be at least 1.6.0
2025-06-06 18:19:12 [main] INFO  t.epos/metadata-database-deploy-test:latest - Creating container for image: epos/metadata-database-deploy-test:latest
2025-06-06 18:19:12 [main] INFO  t.epos/metadata-database-deploy-test:latest - Container epos/metadata-database-deploy-test:latest is starting: 2adbfc98868da286ea8d95f2cdb36c400e4ac73963748e4c92ad87c317fedd98
2025-06-06 18:19:18 [main] INFO  t.epos/metadata-database-deploy-test:latest - Container epos/metadata-database-deploy-test:latest started in PT6.048928489S
2025-06-06 18:19:18 [main] INFO  t.epos/metadata-database-deploy-test:latest - Container is started (JDBC URL: jdbc:postgresql://localhost:33261/metadata_catalogue?loggerLevel=OFF)
2025-06-06 18:19:18 [main] INFO  com.zaxxer.hikari.HikariDataSource - metadata_catalogue - Starting...
2025-06-06 18:19:19 [main] INFO  com.zaxxer.hikari.pool.HikariPool - metadata_catalogue - Added connection org.postgresql.jdbc.PgConnection@10acd6
2025-06-06 18:19:19 [main] INFO  com.zaxxer.hikari.HikariDataSource - metadata_catalogue - Start completed.
2025-06-06 18:19:21 [main] INFO  com.zaxxer.hikari.HikariDataSource - metadata_catalogue - Starting...
2025-06-06 18:19:21 [main] INFO  com.zaxxer.hikari.pool.HikariPool - metadata_catalogue - Added connection org.postgresql.jdbc.PgConnection@5e3db14
2025-06-06 18:19:21 [main] INFO  com.zaxxer.hikari.HikariDataSource - metadata_catalogue - Start completed.
2025-06-06 18:19:22 [main] ERROR org.epos.core.BeansCreation - org.epos.eposdatamodel.null
2025-06-06 18:19:26 [main] INFO  t.epos/metadata-database-deploy-test:latest - Creating container for image: epos/metadata-database-deploy-test:latest
2025-06-06 18:19:26 [main] INFO  t.epos/metadata-database-deploy-test:latest - Container epos/metadata-database-deploy-test:latest is starting: d6accee8bfffc665529680c0e7b772165f637483a14ebd679ea2224547ec2b22
2025-06-06 18:19:33 [main] INFO  t.epos/metadata-database-deploy-test:latest - Container epos/metadata-database-deploy-test:latest started in PT7.225836619S
2025-06-06 18:19:33 [main] INFO  t.epos/metadata-database-deploy-test:latest - Container is started (JDBC URL: jdbc:postgresql://localhost:33262/metadata_catalogue?loggerLevel=OFF)
2025-06-06 18:19:33 [main] INFO  com.zaxxer.hikari.HikariDataSource - metadata_catalogue - Starting...
2025-06-06 18:19:33 [main] INFO  com.zaxxer.hikari.pool.HikariPool - metadata_catalogue - Added connection org.postgresql.jdbc.PgConnection@5fb58f15
2025-06-06 18:19:33 [main] INFO  com.zaxxer.hikari.HikariDataSource - metadata_catalogue - Start completed.
2025-06-06 18:19:34 [main] INFO  com.zaxxer.hikari.HikariDataSource - metadata_catalogue - Starting...
2025-06-06 18:19:34 [main] INFO  com.zaxxer.hikari.pool.HikariPool - metadata_catalogue - Added connection org.postgresql.jdbc.PgConnection@5d00241b
2025-06-06 18:19:34 [main] INFO  com.zaxxer.hikari.HikariDataSource - metadata_catalogue - Start completed.
2025-06-06 18:19:34 [main] INFO  com.zaxxer.hikari.HikariDataSource - metadata_catalogue - Starting...
2025-06-06 18:19:34 [main] INFO  com.zaxxer.hikari.pool.HikariPool - metadata_catalogue - Added connection org.postgresql.jdbc.PgConnection@500d4de8
2025-06-06 18:19:34 [main] INFO  com.zaxxer.hikari.HikariDataSource - metadata_catalogue - Start completed.
2025-06-06 18:19:34 [main] WARN  org.apache.jena.riot - [line: 21, col: 1 ] Not advised IRI: <PIC:000518944> Code: 11/LOWERCASE_PREFERRED in SCHEME: lowercase is preferred in this component
2025-06-06 18:19:34 [main] WARN  org.apache.jena.riot - [line: 41, col: 33] Not advised IRI: <PIC:007012076> Code: 11/LOWERCASE_PREFERRED in SCHEME: lowercase is preferred in this component
2025-06-06 18:19:34 [main] WARN  org.apache.jena.riot - [line: 44, col: 1 ] Not advised IRI: <PIC:007012076> Code: 11/LOWERCASE_PREFERRED in SCHEME: lowercase is preferred in this component
2025-06-06 18:19:34 [main] INFO  com.zaxxer.hikari.HikariDataSource - metadata_catalogue - Starting...
2025-06-06 18:19:34 [main] INFO  com.zaxxer.hikari.pool.HikariPool - metadata_catalogue - Added connection org.postgresql.jdbc.PgConnection@cb29b75
2025-06-06 18:19:34 [main] INFO  com.zaxxer.hikari.HikariDataSource - metadata_catalogue - Start completed.
2025-06-06 18:19:35 [main] WARN  org.apache.jena.riot - [line: 51, col: 77] Not advised IRI: <PIC:007012076> Code: 11/LOWERCASE_PREFERRED in SCHEME: lowercase is preferred in this component
2025-06-06 18:19:35 [main] WARN  org.apache.jena.riot - [line: 132, col: 82] Not advised IRI: <PIC:000518944> Code: 11/LOWERCASE_PREFERRED in SCHEME: lowercase is preferred in this component
2025-06-06 18:19:35 [main] WARN  org.apache.jena.riot - [line: 242, col: 59] Not advised IRI: <PIC:000518944> Code: 11/LOWERCASE_PREFERRED in SCHEME: lowercase is preferred in this component
2025-06-06 18:19:35 [main] WARN  org.apache.jena.riot - [line: 280, col: 59] Not advised IRI: <PIC:000518944> Code: 11/LOWERCASE_PREFERRED in SCHEME: lowercase is preferred in this component
2025-06-06 18:19:35 [main] ERROR org.epos.core.BeansCreation - org.epos.eposdatamodel.null
2025-06-06 18:19:36 [main] INFO  com.zaxxer.hikari.HikariDataSource - metadata_catalogue - Starting...
2025-06-06 18:19:36 [main] INFO  com.zaxxer.hikari.pool.HikariPool - metadata_catalogue - Added connection org.postgresql.jdbc.PgConnection@63dd81ee
2025-06-06 18:19:36 [main] INFO  com.zaxxer.hikari.HikariDataSource - metadata_catalogue - Start completed.
2025-06-06 18:19:36 [main] INFO  com.zaxxer.hikari.HikariDataSource - metadata_catalogue - Starting...
2025-06-06 18:19:36 [main] INFO  com.zaxxer.hikari.pool.HikariPool - metadata_catalogue - Added connection org.postgresql.jdbc.PgConnection@586be63c
2025-06-06 18:19:36 [main] INFO  com.zaxxer.hikari.HikariDataSource - metadata_catalogue - Start completed.
2025-06-06 18:19:36 [main] INFO  t.epos/metadata-database-deploy-test:latest - Creating container for image: epos/metadata-database-deploy-test:latest
2025-06-06 18:19:37 [main] INFO  t.epos/metadata-database-deploy-test:latest - Container epos/metadata-database-deploy-test:latest is starting: ad094932ed32c3273333293542371dc8e467c17c76c2b051e00b7671e61f8564
2025-06-06 18:19:43 [main] INFO  t.epos/metadata-database-deploy-test:latest - Container epos/metadata-database-deploy-test:latest started in PT6.254507295S
2025-06-06 18:19:43 [main] INFO  t.epos/metadata-database-deploy-test:latest - Container is started (JDBC URL: jdbc:postgresql://localhost:33263/metadata_catalogue?loggerLevel=OFF)
2025-06-06 18:19:43 [main] INFO  com.zaxxer.hikari.HikariDataSource - metadata_catalogue - Starting...
2025-06-06 18:19:43 [main] INFO  com.zaxxer.hikari.pool.HikariPool - metadata_catalogue - Added connection org.postgresql.jdbc.PgConnection@362aa318
2025-06-06 18:19:43 [main] INFO  com.zaxxer.hikari.HikariDataSource - metadata_catalogue - Start completed.
2025-06-06 18:19:43 [main] INFO  com.zaxxer.hikari.HikariDataSource - metadata_catalogue - Starting...
2025-06-06 18:19:43 [main] INFO  com.zaxxer.hikari.pool.HikariPool - metadata_catalogue - Added connection org.postgresql.jdbc.PgConnection@e13cc49
2025-06-06 18:19:43 [main] INFO  com.zaxxer.hikari.HikariDataSource - metadata_catalogue - Start completed.
2025-06-06 18:19:43 [main] WARN  org.apache.jena.riot - [line: 89, col: 1 ] Not advised IRI: <ID:eposid> Code: 11/LOWERCASE_PREFERRED in SCHEME: lowercase is preferred in this component
2025-06-06 18:19:43 [main] WARN  org.apache.jena.riot - [line: 107, col: 1 ] Not advised IRI: <ID:eposidchild> Code: 11/LOWERCASE_PREFERRED in SCHEME: lowercase is preferred in this component
2025-06-06 18:19:43 [main] WARN  org.apache.jena.riot - [line: 122, col: 19] Not advised IRI: <ID:eposid> Code: 11/LOWERCASE_PREFERRED in SCHEME: lowercase is preferred in this component
2025-06-06 18:19:43 [main] WARN  org.apache.jena.riot - [line: 144, col: 21] Not advised IRI: <PIC:999472675> Code: 11/LOWERCASE_PREFERRED in SCHEME: lowercase is preferred in this component
2025-06-06 18:19:43 [main] WARN  org.apache.jena.riot - [line: 180, col: 20] Not advised IRI: <ID:eposid> Code: 11/LOWERCASE_PREFERRED in SCHEME: lowercase is preferred in this component
2025-06-06 18:19:43 [main] WARN  org.apache.jena.riot - [line: 246, col: 20] Not advised IRI: <ID:eposid> Code: 11/LOWERCASE_PREFERRED in SCHEME: lowercase is preferred in this component
2025-06-06 18:19:43 [main] WARN  org.apache.jena.riot - [line: 301, col: 18] Not advised IRI: <ID:eposidchild> Code: 11/LOWERCASE_PREFERRED in SCHEME: lowercase is preferred in this component
2025-06-06 18:19:43 [main] WARN  org.apache.jena.riot - [line: 576, col: 22] Not advised IRI: <ID:eposidchild> Code: 11/LOWERCASE_PREFERRED in SCHEME: lowercase is preferred in this component
2025-06-06 18:19:43 [main] WARN  org.apache.jena.riot - [line: 608, col: 18] Not advised IRI: <ID:eposid> Code: 11/LOWERCASE_PREFERRED in SCHEME: lowercase is preferred in this component
2025-06-06 18:19:43 [main] ERROR org.epos.core.BeansCreation - org.epos.eposdatamodel.null
2025-06-06 18:19:43 [main] ERROR org.epos.core.BeansCreation - org.epos.eposdatamodel.null
2025-06-06 18:19:43 [main] ERROR org.epos.core.BeansCreation - org.epos.eposdatamodel.null
2025-06-06 18:19:43 [main] ERROR org.epos.core.BeansCreation - org.epos.eposdatamodel.null
2025-06-06 18:19:43 [main] ERROR org.epos.core.BeansCreation - org.epos.eposdatamodel.string
2025-06-06 18:19:46 [main] INFO  t.epos/metadata-database-deploy-test:latest - Creating container for image: epos/metadata-database-deploy-test:latest
2025-06-06 18:19:46 [main] INFO  t.epos/metadata-database-deploy-test:latest - Container epos/metadata-database-deploy-test:latest is starting: d68e32fee847fe90fa72ba960e3c8fd488b098a0f328dc9781cb4f08672f67f9
2025-06-06 18:19:52 [main] INFO  t.epos/metadata-database-deploy-test:latest - Container epos/metadata-database-deploy-test:latest started in PT6.106775023S
2025-06-06 18:19:52 [main] INFO  t.epos/metadata-database-deploy-test:latest - Container is started (JDBC URL: jdbc:postgresql://localhost:33264/metadata_catalogue?loggerLevel=OFF)
2025-06-06 18:19:52 [main] INFO  com.zaxxer.hikari.HikariDataSource - metadata_catalogue - Starting...
2025-06-06 18:19:52 [main] INFO  com.zaxxer.hikari.pool.HikariPool - metadata_catalogue - Added connection org.postgresql.jdbc.PgConnection@3c775fd7
2025-06-06 18:19:52 [main] INFO  com.zaxxer.hikari.HikariDataSource - metadata_catalogue - Start completed.
2025-06-06 18:19:53 [main] INFO  com.zaxxer.hikari.HikariDataSource - metadata_catalogue - Starting...
2025-06-06 18:19:53 [main] INFO  com.zaxxer.hikari.pool.HikariPool - metadata_catalogue - Added connection org.postgresql.jdbc.PgConnection@b52d046
2025-06-06 18:19:53 [main] INFO  com.zaxxer.hikari.HikariDataSource - metadata_catalogue - Start completed.
2025-06-06 18:19:53 [main] ERROR org.epos.core.BeansCreation - org.epos.eposdatamodel.null
2025-06-06 18:19:53 [main] INFO  t.epos/metadata-database-deploy-test:latest - Creating container for image: epos/metadata-database-deploy-test:latest
2025-06-06 18:19:53 [main] INFO  t.epos/metadata-database-deploy-test:latest - Container epos/metadata-database-deploy-test:latest is starting: 14af1625f3eaca0f4cd8d9ef90f3e0e9f481a90f967796287bcde14ae6098cd6
2025-06-06 18:19:59 [main] INFO  t.epos/metadata-database-deploy-test:latest - Container epos/metadata-database-deploy-test:latest started in PT6.228077286S
2025-06-06 18:19:59 [main] INFO  t.epos/metadata-database-deploy-test:latest - Container is started (JDBC URL: jdbc:postgresql://localhost:33265/metadata_catalogue?loggerLevel=OFF)
2025-06-06 18:19:59 [main] INFO  com.zaxxer.hikari.HikariDataSource - metadata_catalogue - Starting...
2025-06-06 18:20:00 [main] INFO  com.zaxxer.hikari.pool.HikariPool - metadata_catalogue - Added connection org.postgresql.jdbc.PgConnection@669c6f9a
2025-06-06 18:20:00 [main] INFO  com.zaxxer.hikari.HikariDataSource - metadata_catalogue - Start completed.
2025-06-06 18:20:00 [main] INFO  com.zaxxer.hikari.HikariDataSource - metadata_catalogue - Starting...
2025-06-06 18:20:00 [main] INFO  com.zaxxer.hikari.pool.HikariPool - metadata_catalogue - Added connection org.postgresql.jdbc.PgConnection@3ce295f9
2025-06-06 18:20:00 [main] INFO  com.zaxxer.hikari.HikariDataSource - metadata_catalogue - Start completed.
2025-06-06 18:20:00 [main] WARN  org.apache.jena.riot - [line: 51, col: 16] Not advised IRI: <PIC:007012076> Code: 11/LOWERCASE_PREFERRED in SCHEME: lowercase is preferred in this component
2025-06-06 18:20:00 [main] WARN  org.apache.jena.riot - [line: 132, col: 18] Not advised IRI: <PIC:000518944> Code: 11/LOWERCASE_PREFERRED in SCHEME: lowercase is preferred in this component
2025-06-06 18:20:00 [main] WARN  org.apache.jena.riot - [line: 242, col: 23] Not advised IRI: <PIC:000518944> Code: 11/LOWERCASE_PREFERRED in SCHEME: lowercase is preferred in this component
2025-06-06 18:20:00 [main] WARN  org.apache.jena.riot - [line: 280, col: 21] Not advised IRI: <PIC:000518944> Code: 11/LOWERCASE_PREFERRED in SCHEME: lowercase is preferred in this component
2025-06-06 18:20:00 [main] WARN  org.apache.jena.riot - [line: 290, col: 1 ] Not advised IRI: <PIC:000518944> Code: 11/LOWERCASE_PREFERRED in SCHEME: lowercase is preferred in this component
2025-06-06 18:20:00 [main] WARN  org.apache.jena.riot - [line: 310, col: 19] Not advised IRI: <PIC:007012076> Code: 11/LOWERCASE_PREFERRED in SCHEME: lowercase is preferred in this component
2025-06-06 18:20:00 [main] WARN  org.apache.jena.riot - [line: 313, col: 1 ] Not advised IRI: <PIC:007012076> Code: 11/LOWERCASE_PREFERRED in SCHEME: lowercase is preferred in this component
2025-06-06 18:20:00 [main] ERROR org.epos.core.BeansCreation - org.epos.eposdatamodel.null
2025-06-06 18:20:01 [main] INFO  t.epos/metadata-database-deploy-test:latest - Creating container for image: epos/metadata-database-deploy-test:latest
2025-06-06 18:20:02 [main] INFO  t.epos/metadata-database-deploy-test:latest - Container epos/metadata-database-deploy-test:latest is starting: 62f9754dddfd955f9c49623ed1e71ea1d9fe64108ccbd0ef503ce581d0622a00
2025-06-06 18:20:09 [main] INFO  t.epos/metadata-database-deploy-test:latest - Container epos/metadata-database-deploy-test:latest started in PT7.244183979S
2025-06-06 18:20:09 [main] INFO  t.epos/metadata-database-deploy-test:latest - Container is started (JDBC URL: jdbc:postgresql://localhost:33266/metadata_catalogue?loggerLevel=OFF)
2025-06-06 18:20:09 [main] INFO  com.zaxxer.hikari.HikariDataSource - metadata_catalogue - Starting...
2025-06-06 18:20:09 [main] INFO  com.zaxxer.hikari.pool.HikariPool - metadata_catalogue - Added connection org.postgresql.jdbc.PgConnection@1520485a
2025-06-06 18:20:09 [main] INFO  com.zaxxer.hikari.HikariDataSource - metadata_catalogue - Start completed.
2025-06-06 18:20:09 [main] INFO  com.zaxxer.hikari.HikariDataSource - metadata_catalogue - Starting...
2025-06-06 18:20:09 [main] INFO  com.zaxxer.hikari.pool.HikariPool - metadata_catalogue - Added connection org.postgresql.jdbc.PgConnection@512e737
2025-06-06 18:20:09 [main] INFO  com.zaxxer.hikari.HikariDataSource - metadata_catalogue - Start completed.
2025-06-06 18:20:10 [main] INFO  t.epos/metadata-database-deploy-test:latest - Creating container for image: epos/metadata-database-deploy-test:latest
2025-06-06 18:20:10 [main] INFO  t.epos/metadata-database-deploy-test:latest - Container epos/metadata-database-deploy-test:latest is starting: 2d874befd8f8f2deb591973b9ea6a8abca629ad69a55cbe373c0eabdacaada49
2025-06-06 18:20:16 [main] INFO  t.epos/metadata-database-deploy-test:latest - Container epos/metadata-database-deploy-test:latest started in PT6.157114479S
2025-06-06 18:20:16 [main] INFO  t.epos/metadata-database-deploy-test:latest - Container is started (JDBC URL: jdbc:postgresql://localhost:33267/metadata_catalogue?loggerLevel=OFF)
2025-06-06 18:20:16 [main] INFO  com.zaxxer.hikari.HikariDataSource - metadata_catalogue - Starting...
2025-06-06 18:20:16 [main] INFO  com.zaxxer.hikari.pool.HikariPool - metadata_catalogue - Added connection org.postgresql.jdbc.PgConnection@7cbe3c73
2025-06-06 18:20:16 [main] INFO  com.zaxxer.hikari.HikariDataSource - metadata_catalogue - Start completed.
2025-06-06 18:20:17 [main] INFO  t.epos/metadata-database-deploy-test:latest - Creating container for image: epos/metadata-database-deploy-test:latest
2025-06-06 18:20:17 [main] INFO  t.epos/metadata-database-deploy-test:latest - Container epos/metadata-database-deploy-test:latest is starting: d91a9ee73f5333caeb47a1c7a74e74aa365cc25102f0738b2868605ddad883f2
2025-06-06 18:20:24 [main] INFO  t.epos/metadata-database-deploy-test:latest - Container epos/metadata-database-deploy-test:latest started in PT7.279629005S
2025-06-06 18:20:24 [main] INFO  t.epos/metadata-database-deploy-test:latest - Container is started (JDBC URL: jdbc:postgresql://localhost:33268/metadata_catalogue?loggerLevel=OFF)
2025-06-06 18:20:24 [main] INFO  com.zaxxer.hikari.HikariDataSource - metadata_catalogue - Starting...
2025-06-06 18:20:24 [main] INFO  com.zaxxer.hikari.pool.HikariPool - metadata_catalogue - Added connection org.postgresql.jdbc.PgConnection@c8de603
2025-06-06 18:20:24 [main] INFO  com.zaxxer.hikari.HikariDataSource - metadata_catalogue - Start completed.
2025-06-06 18:20:24 [main] INFO  com.zaxxer.hikari.HikariDataSource - metadata_catalogue - Starting...
2025-06-06 18:20:24 [main] INFO  com.zaxxer.hikari.pool.HikariPool - metadata_catalogue - Added connection org.postgresql.jdbc.PgConnection@37d77fd2
2025-06-06 18:20:24 [main] INFO  com.zaxxer.hikari.HikariDataSource - metadata_catalogue - Start completed.
2025-06-06 18:20:24 [main] WARN  org.apache.jena.riot - [line: 51, col: 16] Not advised IRI: <PIC:007012076> Code: 11/LOWERCASE_PREFERRED in SCHEME: lowercase is preferred in this component
2025-06-06 18:20:24 [main] WARN  org.apache.jena.riot - [line: 132, col: 18] Not advised IRI: <PIC:000518944> Code: 11/LOWERCASE_PREFERRED in SCHEME: lowercase is preferred in this component
2025-06-06 18:20:24 [main] WARN  org.apache.jena.riot - [line: 242, col: 23] Not advised IRI: <PIC:000518944> Code: 11/LOWERCASE_PREFERRED in SCHEME: lowercase is preferred in this component
2025-06-06 18:20:24 [main] WARN  org.apache.jena.riot - [line: 280, col: 21] Not advised IRI: <PIC:000518944> Code: 11/LOWERCASE_PREFERRED in SCHEME: lowercase is preferred in this component
2025-06-06 18:20:24 [main] WARN  org.apache.jena.riot - [line: 290, col: 1 ] Not advised IRI: <PIC:000518944> Code: 11/LOWERCASE_PREFERRED in SCHEME: lowercase is preferred in this component
2025-06-06 18:20:24 [main] WARN  org.apache.jena.riot - [line: 310, col: 19] Not advised IRI: <PIC:007012076> Code: 11/LOWERCASE_PREFERRED in SCHEME: lowercase is preferred in this component
2025-06-06 18:20:24 [main] WARN  org.apache.jena.riot - [line: 313, col: 1 ] Not advised IRI: <PIC:007012076> Code: 11/LOWERCASE_PREFERRED in SCHEME: lowercase is preferred in this component
2025-06-06 18:20:24 [main] INFO  com.zaxxer.hikari.HikariDataSource - metadata_catalogue - Starting...
2025-06-06 18:20:24 [main] INFO  com.zaxxer.hikari.pool.HikariPool - metadata_catalogue - Added connection org.postgresql.jdbc.PgConnection@4baa45cf
2025-06-06 18:20:24 [main] INFO  com.zaxxer.hikari.HikariDataSource - metadata_catalogue - Start completed.
2025-06-06 18:20:25 [main] ERROR org.epos.core.BeansCreation - org.epos.eposdatamodel.null
2025-06-06 18:20:25 [main] INFO  com.zaxxer.hikari.HikariDataSource - metadata_catalogue - Starting...
2025-06-06 18:20:25 [main] INFO  com.zaxxer.hikari.pool.HikariPool - metadata_catalogue - Added connection org.postgresql.jdbc.PgConnection@453f2ce6
2025-06-06 18:20:25 [main] INFO  com.zaxxer.hikari.HikariDataSource - metadata_catalogue - Start completed.
2025-06-06 18:20:25 [main] WARN  org.apache.jena.riot - [line: 51, col: 16] Not advised IRI: <PIC:007012076> Code: 11/LOWERCASE_PREFERRED in SCHEME: lowercase is preferred in this component
2025-06-06 18:20:25 [main] WARN  org.apache.jena.riot - [line: 132, col: 18] Not advised IRI: <PIC:000518944> Code: 11/LOWERCASE_PREFERRED in SCHEME: lowercase is preferred in this component
2025-06-06 18:20:25 [main] WARN  org.apache.jena.riot - [line: 242, col: 23] Not advised IRI: <PIC:000518944> Code: 11/LOWERCASE_PREFERRED in SCHEME: lowercase is preferred in this component
2025-06-06 18:20:25 [main] WARN  org.apache.jena.riot - [line: 280, col: 21] Not advised IRI: <PIC:000518944> Code: 11/LOWERCASE_PREFERRED in SCHEME: lowercase is preferred in this component
2025-06-06 18:20:25 [main] WARN  org.apache.jena.riot - [line: 290, col: 1 ] Not advised IRI: <PIC:000518944> Code: 11/LOWERCASE_PREFERRED in SCHEME: lowercase is preferred in this component
2025-06-06 18:20:25 [main] WARN  org.apache.jena.riot - [line: 310, col: 19] Not advised IRI: <PIC:007012076> Code: 11/LOWERCASE_PREFERRED in SCHEME: lowercase is preferred in this component
2025-06-06 18:20:25 [main] WARN  org.apache.jena.riot - [line: 313, col: 1 ] Not advised IRI: <PIC:007012076> Code: 11/LOWERCASE_PREFERRED in SCHEME: lowercase is preferred in this component
2025-06-06 18:20:25 [main] ERROR org.epos.core.BeansCreation - org.epos.eposdatamodel.null
